INFO: 2018-08-22 16:34:20,321:DartRunner.py:108: Logfile is /root/Dart/log/DartRunner-2018-08-22-163420.log
INFO: 2018-08-22 16:34:20,321:DartRunner.py:109: Current Process Id: 42286
INFO: 2018-08-22 16:34:20,322:DartRunner.py:170: clusterList = dart-main-sls12-08 
INFO: 2018-08-22 16:34:20,322:DartRunner.py:178: dart-main-sls12-08
INFO: 2018-08-22 16:34:22,499:DartRunner.py:2008: NAME      READY     STATUS             RESTARTS   AGE
consul    1/1       Running            0          4d
queen     17/18     ImagePullBackOff   1155       4d

INFO: 2018-08-22 16:34:22,613:DartRunner.py:2037: consul
INFO: 2018-08-22 16:34:22,613:DartRunner.py:2037: queen
INFO: 2018-08-22 16:34:22,614:DartRunner.py:2043: kubectl get -o template po queen --namespace=cloud-aster --template={{.spec.nodeName}}
INFO: 2018-08-22 16:34:23,617:DartRunner.py:2008: 10.25.83.70
INFO: 2018-08-22 16:34:23,731:DartRunner.py:2045: 10.25.83.70
INFO: 2018-08-22 16:34:23,732:DartRunner.py:2048: 10.25.83.70
INFO: 2018-08-22 16:34:23,732:DartRunner.py:2077: ['10.25.83.70']
INFO: 2018-08-22 16:34:23,732:DartRunner.py:2078: []
INFO: 2018-08-22 16:34:23,732:DartRunner.py:247: /root/Dart/testset/NoInstall.tst
INFO: 2018-08-22 16:34:23,732:DartRunner.py:247: /root/Dart/testset/OneTest.tst
INFO: 2018-08-22 16:34:23,733:DartRunner.py:258: Scanning File: /root/Dart/testset/NoInstall.tst 
INFO: 2018-08-22 16:34:23,750:DartRunner.py:273: Reading tempRunFile : /tmp/NoInstall.tst
INFO: 2018-08-22 16:34:23,751:DartRunner.py:258: Scanning File: /root/Dart/testset/OneTest.tst 
INFO: 2018-08-22 16:34:23,751:DartRunner.py:273: Reading tempRunFile : /tmp/OneTest.tst
INFO: 2018-08-22 16:34:24,168:DartRunner.py:2154: Ping on cluster dart-main-sls12-08 Successful!
INFO: 2018-08-22 16:34:24,324:DartRunner.py:523: Dart DashBoard URL: http://dartdashboard.labs.teradata.com/report?run_id=180822-57
INFO: 2018-08-22 16:34:24,335:DartRunner.py:1696: Done inserting the information of run 180822-57
INFO: 2018-08-22 16:34:24,346:DartRunner.py:2665: DB Insert Success: NoInstall
INFO: 2018-08-22 16:34:24,857:DartRunner.py:2665: DB Insert Success: NullTest
INFO: 2018-08-22 16:34:26,359:DartRunner.py:754: Looping the Main Loop: 1
INFO: 2018-08-22 16:34:26,463:DartRunner.py:1916: Running CheckHealth on cluster dart-main-sls12-08
INFO: 2018-08-22 16:34:28,463:DartRunner.py:941: Running Setup for the TestSet
INFO: 2018-08-22 16:34:28,463:DartRunner.py:964: {'dart-main-sls12-08': 'busy'}
INFO: 2018-08-22 16:34:28,463:DartRunner.py:965: {'dart-main-sls12-08': u'NoInstall'}
INFO: 2018-08-22 16:34:28,464:DartRunner.py:975: 
Running Test: NoInstall on Cluster: dart-main-sls12-08 Thread Count: 1  

INFO: 2018-08-22 16:34:28,465:DartRunner.py:1130: Tests may be currently running..Sleeping for 10 seconds before checking the Queue!
INFO: 2018-08-22 16:34:28,465:DartRunner.py:1131: {'dart-main-sls12-08': 'busy'}
INFO: 2018-08-22 16:34:28,479:DartRunner.py:2555: Updated cluster: dart-main-sls12-08 for test NoInstall
INFO: 2018-08-22 16:34:29,342:DartRunner.py:2873: getHadoopVersion stdout = 
INFO: 2018-08-22 16:34:29,343:DartRunner.py:2874: getHadoopVersion stderr = bash: hadoop: command not found

INFO: 2018-08-22 16:34:29,343:DartRunner.py:2875: getHadoopVersion status = 127
INFO: 2018-08-22 16:34:29,343:DartRunner.py:2884: hdversion = None
INFO: 2018-08-22 16:34:29,343:DartRunner.py:2846: The cluster is without Hadoop, change db_version to Aster
INFO: 2018-08-22 16:34:29,358:DartRunner.py:2587: Updated Status: On test NoInstall
INFO: 2018-08-22 16:34:29,358:DartRunner.py:2588: {'db_version': 'Aster', 'db_type': 'Classic', 'build_info': ''}
INFO: 2018-08-22 16:34:29,358:DartRunner.py:2214: Updating the status to Running in the database: NoInstall!
INFO: 2018-08-22 16:34:29,372:DartRunner.py:2587: Updated Status: On test NoInstall
INFO: 2018-08-22 16:34:29,372:DartRunner.py:2588: {'status': 'RUNNING', 'start_time': '2018-08-22 16:34:28'}
INFO: 2018-08-22 16:34:29,373:Dart.py:120: Logfile is /root/Dart/log/Dart-NoInstall-180822-57-163429.log
INFO: 2018-08-22 16:34:30,560:Dart.py:390: NAME      READY     STATUS             RESTARTS   AGE
consul    1/1       Running            0          4d
queen     17/18     ImagePullBackOff   1155       4d

INFO: 2018-08-22 16:34:30,560:Dart.py:418: consul
INFO: 2018-08-22 16:34:30,560:Dart.py:418: queen
INFO: 2018-08-22 16:34:30,561:Dart.py:424: kubectl get -o template po queen --namespace=cloud-aster --template={{.spec.nodeName}}
INFO: 2018-08-22 16:34:31,374:Dart.py:390: 10.25.83.70
INFO: 2018-08-22 16:34:31,376:Dart.py:426: 10.25.83.70
INFO: 2018-08-22 16:34:31,377:Dart.py:429: 10.25.83.70
INFO: 2018-08-22 16:34:31,377:Dart.py:460: ['10.25.83.70']
INFO: 2018-08-22 16:34:31,377:Dart.py:461: []
INFO: 2018-08-22 16:34:31,377:Dart.py:299: Test Set: Install 
INFO: 2018-08-22 16:34:31,378:Dart.py:313: Running Testset: Install
INFO: 2018-08-22 16:34:31,378:Dart.py:319:         Running Test: NoInstall on Cluster dart-main-sls12-08
INFO: 2018-08-22 16:34:31,378:Dart.py:322: [u'NoInstall', {'testSet': u'Install', 'testPlan': None, 'tester': 'root', 'projectName': 'MLEngine', 'buildNumber': '', u'OWNER': u'naveen.williams', 'testId': 1, u'TIMEOUT': 300, 'id': 1530197, u'CATEGORY': u'positive', u'NAME': u'NoInstall', 'timeScale': 1, 'reTryCnt': 0, u'COMPONENT': u'devops_installer/docker', u'PRIORITY': u'1', u'LOCATION': u'devops_installer/docker/NoInstall', 'buildName': 'beehive-ci-pipeline-main', 'release': 'GGR3', 'branchName': 'master', 'runId': u'180822-57'}, 0]
INFO: 2018-08-22 16:34:31,391:Dart.py:752: --------------------------------------------------
INFO: 2018-08-22 16:34:31,391:TestBase.py:42:           Using the following Test Parameters:
INFO: 2018-08-22 16:34:31,392:TestBase.py:43: --------------------------------------------------
INFO: 2018-08-22 16:34:31,392:TestBase.py:45:           testSet : Install 
INFO: 2018-08-22 16:34:31,392:TestBase.py:45:           testPlan : None 
INFO: 2018-08-22 16:34:31,392:TestBase.py:45:           tester : root 
INFO: 2018-08-22 16:34:31,392:TestBase.py:45:           projectName : MLEngine 
INFO: 2018-08-22 16:34:31,392:TestBase.py:45:           logPath : /root/Dart 
INFO: 2018-08-22 16:34:31,392:TestBase.py:45:           buildNumber :  
INFO: 2018-08-22 16:34:31,393:TestBase.py:45:           OWNER : naveen.williams 
INFO: 2018-08-22 16:34:31,393:TestBase.py:45:           testId : 1 
INFO: 2018-08-22 16:34:31,393:TestBase.py:45:           TIMEOUT : 300 
INFO: 2018-08-22 16:34:31,393:TestBase.py:45:           filePath : devops_installer/docker 
INFO: 2018-08-22 16:34:31,393:TestBase.py:45:           id : 1530197 
INFO: 2018-08-22 16:34:31,393:TestBase.py:45:           CATEGORY : positive 
INFO: 2018-08-22 16:34:31,394:TestBase.py:45:           NAME : NoInstall 
INFO: 2018-08-22 16:34:31,394:TestBase.py:45:           timeScale : 1 
INFO: 2018-08-22 16:34:31,394:TestBase.py:45:           reTryCnt : 0 
INFO: 2018-08-22 16:34:31,394:TestBase.py:45:           COMPONENT : devops_installer/docker 
INFO: 2018-08-22 16:34:31,395:TestBase.py:45:           PRIORITY : 1 
INFO: 2018-08-22 16:34:31,395:TestBase.py:45:           logTimestamp : 2018-08-22-163431 
INFO: 2018-08-22 16:34:31,395:TestBase.py:45:           LOCATION : devops_installer/docker/NoInstall 
INFO: 2018-08-22 16:34:31,395:TestBase.py:45:           buildName : beehive-ci-pipeline-main 
INFO: 2018-08-22 16:34:31,395:TestBase.py:45:           release : GGR3 
INFO: 2018-08-22 16:34:31,395:TestBase.py:45:           branchName : master 
INFO: 2018-08-22 16:34:31,395:TestBase.py:45:           runId : 180822-57 
INFO: 2018-08-22 16:34:31,396:TestBase.py:46: --------------------------------------------------
INFO: 2018-08-22 16:34:31,417:Kubernetes.py:82: Executing command [10.25.83.70]: kubectl get pods --namespace=cloud-aster
INFO: 2018-08-22 16:34:32,512:TestBase.py:170: NAME      READY     STATUS             RESTARTS   AGE
consul    1/1       Running            0          4d
queen     17/18     ImagePullBackOff   1155       4d

INFO: 2018-08-22 16:34:32,512:Kubernetes.py:82: Executing command [10.25.83.70]: kubectl get svc queenexec-service -o json jsonpath={.spec.Ports} -n cloud-aster
INFO: 2018-08-22 16:34:32,949:NoInstall.py:24: This is a Dummy Install!!
INFO: 2018-08-22 16:34:32,949:Dart.py:759: Running Cleanup of the Test Instance!
INFO: 2018-08-22 16:34:32,949:Dart.py:779: The test NoInstall was successful!
INFO: 2018-08-22 16:34:32,950:Dart.py:334: Test Set : Install Total Execution Time: 1 
INFO: 2018-08-22 16:34:32,962:DartRunner.py:2587: Updated Status: On test NoInstall
INFO: 2018-08-22 16:34:32,962:DartRunner.py:2588: {'status': 'PASS', 'execution_time': '00:00:01', 'log_location': u'/root/DartLogs/dart-main-sls12-08_NoInstall_2018-08-22-163431.log', 'end_time': '2018-08-22 16:34:32'}
INFO: 2018-08-22 16:34:33,282:DartRunner.py:2647: Successfully uploaded the Dart Test Log: dart-main-sls12-08_NoInstall_2018-08-22-163431.log
INFO: 2018-08-22 16:34:33,290:DartDBConnect.py:127: Running the sql:
INFO: 2018-08-22 16:34:33,290:DartDBConnect.py:128: SELECT retry_logs from darttest WHERE id=1530197;
INFO: 2018-08-22 16:34:33,292:DartDBConnect.py:132: Select Return Value ========
INFO: 2018-08-22 16:34:33,292:DartDBConnect.py:133: [(None,)]
INFO: 2018-08-22 16:34:33,292:DartRunner.py:2629: Select Success: (None,) test NoInstall
INFO: 2018-08-22 16:34:33,292:DartRunner.py:2630: [(None,)]
INFO: 2018-08-22 16:34:33,293:DartRunner.py:2332: RETRY LOG STRING =====
INFO: 2018-08-22 16:34:33,293:DartRunner.py:2333: None
INFO: 2018-08-22 16:34:33,314:DartRunner.py:2587: Updated Status: On test NoInstall
INFO: 2018-08-22 16:34:33,315:DartRunner.py:2588: {'status': 'PASS', 'execution_time': '00:00:01', 'log_location': u'/root/DartLogs/dart-main-sls12-08_NoInstall_2018-08-22-163431.log', 'retry_count': 0, 'end_time': '2018-08-22 16:34:32', 'retry_logs': u'/root/DartLogs/dart-main-sls12-08_NoInstall_2018-08-22-163431.log'}
INFO: 2018-08-22 16:34:33,315:DartRunner.py:2727: Attempting to get the Kernel and os information from the Cluster
INFO: 2018-08-22 16:34:34,604:DartRunner.py:2587: Updated Status: On test NoInstall
INFO: 2018-08-22 16:34:34,604:DartRunner.py:2588: {'kernel_version': '4.4.121-92.80-default', 'os_version': '', 'revision': '08.00.00.00.0e93aa1b'}
INFO: 2018-08-22 16:34:39,477:DartRunner.py:754: Looping the Main Loop: 2
INFO: 2018-08-22 16:34:39,477:DartRunner.py:988: Return Value:
INFO: 2018-08-22 16:34:39,478:DartRunner.py:2958:         Install      NoInstall      True         1 2018-08-22 16:34:31 2018-08-22 16:34:32
INFO: 2018-08-22 16:34:39,478:DartRunner.py:1647: -------------------------------------------------------------------------------------------------
INFO: 2018-08-22 16:34:39,478:DartRunner.py:1648: returnValue = {'test': OrderedDict([(u'NAME', u'NoInstall'), (u'TIMEOUT', 300), (u'LOCATION', u'devops_installer/docker/NoInstall'), (u'OWNER', u'naveen.williams'), (u'CATEGORY', u'positive'), (u'PRIORITY', u'1'), (u'COMPONENT', u'devops_installer/docker'), ('runId', u'180822-57'), ('testSet', u'Install'), ('testId', 1), ('timeScale', 1), ('projectName', 'MLEngine'), ('testPlan', None), ('buildName', 'beehive-ci-pipeline-main'), ('buildNumber', ''), ('tester', 'root'), ('release', 'GGR3'), ('branchName', 'master'), ('reTryCnt', 0), ('id', 1530197)]), 'clusterName': 'dart-main-sls12-08', 'totalTime': 4, 'testName': u'NoInstall', 'testResults': OrderedDict([(u'Install', [[u'NoInstall', 1, True, '2018-08-22 16:34:31', '2018-08-22 16:34:32', u'/root/Dart/log/devops_installer/docker/dart-main-sls12-08_NoInstall_2018-08-22-163431.log', u'dart-main-sls12-08_NoInstall_2018-08-22-163431.log']])])}
INFO: 2018-08-22 16:34:39,478:DartRunner.py:1649: -------------------------------------------------------------------------------------------------
INFO: 2018-08-22 16:34:39,478:DartRunner.py:994: Thread Count Went Down 0 
INFO: 2018-08-22 16:34:39,478:DartRunner.py:1001: The TestName: NoInstall has been released from the Job Queue
INFO: 2018-08-22 16:34:39,479:DartRunner.py:1007: {'TIMEOUT': 300, 'THREAD': <Process(Process-2, stopped)>, 'CLUSTER': 'dart-main-sls12-08', 'STARTTIME': 1534980868, 'TEST': OrderedDict([(u'NAME', u'NoInstall'), (u'TIMEOUT', 300), (u'LOCATION', u'devops_installer/docker/NoInstall'), (u'OWNER', u'naveen.williams'), (u'CATEGORY', u'positive'), (u'PRIORITY', u'1'), (u'COMPONENT', u'devops_installer/docker'), ('runId', u'180822-57'), ('testSet', u'Install'), ('testId', 1), ('timeScale', 1), ('projectName', 'MLEngine'), ('testPlan', None), ('buildName', 'beehive-ci-pipeline-main'), ('buildNumber', ''), ('tester', 'root'), ('release', 'GGR3'), ('branchName', 'master'), ('reTryCnt', 0), ('id', 1530197)]), 'ENDTIME': 1534980879}
INFO: 2018-08-22 16:34:39,479:DartRunner.py:1015: The test NoInstall returned back with the following result: True
INFO: 2018-08-22 16:34:39,716:DartRunner.py:2154: Ping on cluster dart-main-sls12-08 Successful!
INFO: 2018-08-22 16:34:39,830:DartRunner.py:1036: {'dart-main-sls12-08': u'NoInstall'}
INFO: 2018-08-22 16:34:39,830:DartRunner.py:1045: {'dart-main-sls12-08': None}
INFO: 2018-08-22 16:34:39,830:DartRunner.py:1130: Tests may be currently running..Sleeping for 10 seconds before checking the Queue!
INFO: 2018-08-22 16:34:39,830:DartRunner.py:1131: {'dart-main-sls12-08': 'free'}
INFO: 2018-08-22 16:34:50,842:DartRunner.py:754: Looping the Main Loop: 3
INFO: 2018-08-22 16:34:51,045:DartRunner.py:1916: Running CheckHealth on cluster dart-main-sls12-08
INFO: 2018-08-22 16:34:53,046:DartRunner.py:941: Running Setup for the TestSet
INFO: 2018-08-22 16:34:53,046:DartRunner.py:964: {'dart-main-sls12-08': 'busy'}
INFO: 2018-08-22 16:34:53,047:DartRunner.py:965: {'dart-main-sls12-08': u'NullTest'}
INFO: 2018-08-22 16:34:53,047:DartRunner.py:975: 
Running Test: NullTest on Cluster: dart-main-sls12-08 Thread Count: 1  

INFO: 2018-08-22 16:34:53,048:DartRunner.py:1130: Tests may be currently running..Sleeping for 10 seconds before checking the Queue!
INFO: 2018-08-22 16:34:53,049:DartRunner.py:1131: {'dart-main-sls12-08': 'busy'}
INFO: 2018-08-22 16:34:53,062:DartRunner.py:2555: Updated cluster: dart-main-sls12-08 for test NullTest
INFO: 2018-08-22 16:34:54,068:DartRunner.py:2873: getHadoopVersion stdout = 
INFO: 2018-08-22 16:34:54,068:DartRunner.py:2874: getHadoopVersion stderr = bash: hadoop: command not found

INFO: 2018-08-22 16:34:54,068:DartRunner.py:2875: getHadoopVersion status = 127
INFO: 2018-08-22 16:34:54,068:DartRunner.py:2884: hdversion = None
INFO: 2018-08-22 16:34:54,068:DartRunner.py:2846: The cluster is without Hadoop, change db_version to Aster
INFO: 2018-08-22 16:34:54,080:DartRunner.py:2587: Updated Status: On test NullTest
INFO: 2018-08-22 16:34:54,080:DartRunner.py:2588: {'db_version': 'Aster', 'db_type': 'Classic', 'build_info': ''}
INFO: 2018-08-22 16:34:54,080:DartRunner.py:2214: Updating the status to Running in the database: NullTest!
INFO: 2018-08-22 16:34:54,091:DartRunner.py:2587: Updated Status: On test NullTest
INFO: 2018-08-22 16:34:54,092:DartRunner.py:2588: {'status': 'RUNNING', 'start_time': '2018-08-22 16:34:53'}
INFO: 2018-08-22 16:34:54,092:Dart.py:120: Logfile is /root/Dart/log/Dart-NullTest-180822-57-163454.log
INFO: 2018-08-22 16:34:55,011:Dart.py:390: NAME      READY     STATUS         RESTARTS   AGE
consul    1/1       Running        0          4d
queen     17/18     ErrImagePull   1155       4d

INFO: 2018-08-22 16:34:55,012:Dart.py:418: consul
INFO: 2018-08-22 16:34:55,012:Dart.py:418: queen
INFO: 2018-08-22 16:34:55,012:Dart.py:424: kubectl get -o template po queen --namespace=cloud-aster --template={{.spec.nodeName}}
INFO: 2018-08-22 16:34:55,985:Dart.py:390: 10.25.83.70
INFO: 2018-08-22 16:34:55,986:Dart.py:426: 10.25.83.70
INFO: 2018-08-22 16:34:55,986:Dart.py:429: 10.25.83.70
INFO: 2018-08-22 16:34:55,986:Dart.py:460: ['10.25.83.70']
INFO: 2018-08-22 16:34:55,986:Dart.py:461: []
INFO: 2018-08-22 16:34:55,986:Dart.py:299: Test Set: SqlTests 
INFO: 2018-08-22 16:34:55,986:Dart.py:313: Running Testset: SqlTests
INFO: 2018-08-22 16:34:55,986:Dart.py:319:         Running Test: NullTest on Cluster dart-main-sls12-08
INFO: 2018-08-22 16:34:55,987:Dart.py:322: [u'NullTest', {u'OWNER': u'divya.sivanandan', 'testSet': u'SqlTests', 'testPlan': None, 'tester': 'root', 'projectName': 'MLEngine', 'buildNumber': '', 'buildName': 'beehive-ci-pipeline-main', u'USER': u'beehive', u'TIMEOUT': 800, u'PASSWORD': u'beehive', 'id': 1530198, u'CATEGORY': u'positive', u'EXPECTEDOUT': u'testsrc/queen/sql/test_sql/expectedQueryResults/null.out', u'NAME': u'NullTest', 'timeScale': 1, u'DATABASE': u'beehive', 'reTryCnt': 0, u'COMPONENT': u'queen/sql/test_sql', u'PRIORITY': u'2', 'runId': u'180822-57', u'TEMPLATE': u'True', u'ACTPARAMS': u'-a', 'release': 'GGR3', u'QUERY': u'testsrc/queen/sql/test_sql/input/null.sql', 'branchName': 'master', u'TYPE': u'SQL', 'testId': 2}, 0]
INFO: 2018-08-22 16:34:55,991:Dart.py:752: --------------------------------------------------
INFO: 2018-08-22 16:34:55,991:TestBase.py:42:           Using the following Test Parameters:
INFO: 2018-08-22 16:34:55,991:TestBase.py:43: --------------------------------------------------
INFO: 2018-08-22 16:34:55,991:TestBase.py:45:           OWNER : divya.sivanandan 
INFO: 2018-08-22 16:34:55,991:TestBase.py:45:           testSet : SqlTests 
INFO: 2018-08-22 16:34:55,992:TestBase.py:45:           testPlan : None 
INFO: 2018-08-22 16:34:55,992:TestBase.py:45:           tester : root 
INFO: 2018-08-22 16:34:55,992:TestBase.py:45:           projectName : MLEngine 
INFO: 2018-08-22 16:34:55,992:TestBase.py:45:           logPath : /root/Dart 
INFO: 2018-08-22 16:34:55,992:TestBase.py:45:           buildNumber :  
INFO: 2018-08-22 16:34:55,992:TestBase.py:45:           buildName : beehive-ci-pipeline-main 
INFO: 2018-08-22 16:34:55,992:TestBase.py:45:           USER : beehive 
INFO: 2018-08-22 16:34:55,993:TestBase.py:45:           TIMEOUT : 800 
INFO: 2018-08-22 16:34:55,993:TestBase.py:45:           filePath : queen/sql/test_sql 
INFO: 2018-08-22 16:34:55,993:TestBase.py:45:           PASSWORD : beehive 
INFO: 2018-08-22 16:34:55,993:TestBase.py:45:           id : 1530198 
INFO: 2018-08-22 16:34:55,993:TestBase.py:45:           CATEGORY : positive 
INFO: 2018-08-22 16:34:55,993:TestBase.py:45:           EXPECTEDOUT : testsrc/queen/sql/test_sql/expectedQueryResults/null.out 
INFO: 2018-08-22 16:34:55,993:TestBase.py:45:           NAME : NullTest 
INFO: 2018-08-22 16:34:55,994:TestBase.py:45:           timeScale : 1 
INFO: 2018-08-22 16:34:55,994:TestBase.py:45:           DATABASE : beehive 
INFO: 2018-08-22 16:34:55,994:TestBase.py:45:           reTryCnt : 0 
INFO: 2018-08-22 16:34:55,994:TestBase.py:45:           COMPONENT : queen/sql/test_sql 
INFO: 2018-08-22 16:34:55,994:TestBase.py:45:           PRIORITY : 2 
INFO: 2018-08-22 16:34:55,994:TestBase.py:45:           logTimestamp : 2018-08-22-163455 
INFO: 2018-08-22 16:34:55,994:TestBase.py:45:           runId : 180822-57 
INFO: 2018-08-22 16:34:55,995:TestBase.py:45:           TEMPLATE : True 
INFO: 2018-08-22 16:34:55,995:TestBase.py:45:           ACTPARAMS : -a 
INFO: 2018-08-22 16:34:55,995:TestBase.py:45:           release : GGR3 
INFO: 2018-08-22 16:34:55,995:TestBase.py:45:           QUERY : testsrc/queen/sql/test_sql/input/null.sql 
INFO: 2018-08-22 16:34:55,995:TestBase.py:45:           branchName : master 
INFO: 2018-08-22 16:34:55,995:TestBase.py:45:           TYPE : SQL 
INFO: 2018-08-22 16:34:55,995:TestBase.py:45:           testId : 2 
INFO: 2018-08-22 16:34:55,996:TestBase.py:46: --------------------------------------------------
INFO: 2018-08-22 16:34:56,016:Kubernetes.py:82: Executing command [10.25.83.70]: kubectl get pods --namespace=cloud-aster
INFO: 2018-08-22 16:34:57,084:TestBase.py:170: NAME      READY     STATUS         RESTARTS   AGE
consul    1/1       Running        0          4d
queen     17/18     ErrImagePull   1155       4d

INFO: 2018-08-22 16:34:57,085:Kubernetes.py:82: Executing command [10.25.83.70]: kubectl get svc queenexec-service -o json jsonpath={.spec.Ports} -n cloud-aster
INFO: 2018-08-22 16:34:58,588:TestBase.py:619: Generated output file on queen node: /tmp/null.out.generated
INFO: 2018-08-22 16:34:58,588:TestBase.py:623: act command: /home/beehive/clients/act -U beehive -w beehive  -d beehive -a -p 30002  -f /tmp/null.sql > /tmp/null.out.generated 2>&1
INFO: 2018-08-22 16:34:58,588:TestBase.py:196: Running Command: /home/beehive/clients/act -U beehive -w beehive  -d beehive -a -p 30002  -f /tmp/null.sql > /tmp/null.out.generated 2>&1
INFO: 2018-08-22 16:34:59,018:TestBase.py:626: 
INFO: 2018-08-22 16:34:59,019:TestBase.py:633: diff command Used: diff -u /tmp/null.out /tmp/null.out.generated 
INFO: 2018-08-22 16:34:59,019:TestBase.py:196: Running Command: diff -u /tmp/null.out /tmp/null.out.generated 
INFO: 2018-08-22 16:34:59,442:TestBase.py:636: --- /tmp/null.out	2018-08-22 16:35:44.236632295 -0700
+++ /tmp/null.out.generated	2018-08-22 16:35:44.528638212 -0700
@@ -1,344 +1 @@
-CREATE FACT TABLE T1 (A INT,B INT,NAME VARCHAR(30),PARTITION KEY(A));
-CREATE TABLE
-INSERT INTO T1 VALUES ( ,21,'THIS IS TEST1'),(19 ,2,null),(187 ,NULL,'THIS IS TEST2'),(NULL ,11,'THIS IS TEST100'),(76 ,NULL,'THIS IS TEST'),(112 ,NULL,'THIS IS TEST9'),(101 ,96,NULL),(55 ,,'THIS IS TEST4'),(NULL ,21,NULL),(9 ,NULL,'THIS IS TEST17'),(NULL ,21,NULL),(91 ,121,'THIS IS TEST7'),(9 ,21,'THIS IS TEST1'),(19 ,2,null),(187 ,NULL,'THIS IS TEST2'),(NULL ,11,NULL),(76 ,NULL,'THIS IS TEST'),(NULL ,NULL,'THIS IS TEST9'),(101 ,96,NULL),(55 ,44,'THIS IS TEST4'),(NULL ,21,'THIS IS TEST121'),(9 ,NULL,'THIS IS TEST17'),(NULL ,21,NULL),(91 ,121,'THIS IS TEST7'),(9 ,21,'THIS IS TEST1'),(19 ,2,null),(187 ,NULL,'THIS IS TEST2'),(NULL ,11,NULL),(76 ,NULL,'THIS IS TEST'),(111 ,NULL,'THIS IS TEST9'),(101 ,96,NULL),(55 ,44,'THIS IS TEST4'),(NULL ,21,'THIS IS TEST121'),(9 ,NULL,'THIS IS TEST17'),(NULL ,21,NULL),(91 ,121,'THIS IS TEST7');
-INSERT 0 36
-SELECT * FROM T1 ORDER BY A DESC NULLS FIRST,B DESC NULLS FIRST,NAME DESC NULLS FIRST;
-  a  |  b  |      name       
------+-----+-----------------
-     |     | THIS IS TEST9
-     |  21 | 
-     |  21 | 
-     |  21 | 
-     |  21 | 
-     |  21 | THIS IS TEST121
-     |  21 | THIS IS TEST121
-     |  21 | THIS IS TEST1
-     |  11 | 
-     |  11 | 
-     |  11 | THIS IS TEST100
- 187 |     | THIS IS TEST2
- 187 |     | THIS IS TEST2
- 187 |     | THIS IS TEST2
- 112 |     | THIS IS TEST9
- 111 |     | THIS IS TEST9
- 101 |  96 | 
- 101 |  96 | 
- 101 |  96 | 
-  91 | 121 | THIS IS TEST7
-  91 | 121 | THIS IS TEST7
-  91 | 121 | THIS IS TEST7
-  76 |     | THIS IS TEST
-  76 |     | THIS IS TEST
-  76 |     | THIS IS TEST
-  55 |     | THIS IS TEST4
-  55 |  44 | THIS IS TEST4
-  55 |  44 | THIS IS TEST4
-  19 |   2 | 
-  19 |   2 | 
-  19 |   2 | 
-   9 |     | THIS IS TEST17
-   9 |     | THIS IS TEST17
-   9 |     | THIS IS TEST17
-   9 |  21 | THIS IS TEST1
-   9 |  21 | THIS IS TEST1
-(36 rows)
-
-SELECT * FROM T1 ORDER BY A ASC   NULLS FIRST,B ASC NULLS FIRST,NAME ASC NULLS FIRST;
-  a  |  b  |      name       
------+-----+-----------------
-     |     | THIS IS TEST9
-     |  11 | 
-     |  11 | 
-     |  11 | THIS IS TEST100
-     |  21 | 
-     |  21 | 
-     |  21 | 
-     |  21 | 
-     |  21 | THIS IS TEST1
-     |  21 | THIS IS TEST121
-     |  21 | THIS IS TEST121
-   9 |     | THIS IS TEST17
-   9 |     | THIS IS TEST17
-   9 |     | THIS IS TEST17
-   9 |  21 | THIS IS TEST1
-   9 |  21 | THIS IS TEST1
-  19 |   2 | 
-  19 |   2 | 
-  19 |   2 | 
-  55 |     | THIS IS TEST4
-  55 |  44 | THIS IS TEST4
-  55 |  44 | THIS IS TEST4
-  76 |     | THIS IS TEST
-  76 |     | THIS IS TEST
-  76 |     | THIS IS TEST
-  91 | 121 | THIS IS TEST7
-  91 | 121 | THIS IS TEST7
-  91 | 121 | THIS IS TEST7
- 101 |  96 | 
- 101 |  96 | 
- 101 |  96 | 
- 111 |     | THIS IS TEST9
- 112 |     | THIS IS TEST9
- 187 |     | THIS IS TEST2
- 187 |     | THIS IS TEST2
- 187 |     | THIS IS TEST2
-(36 rows)
-
-SELECT * FROM T1 ORDER BY A DESC NULLS LAST,B DESC NULLS LAST,NAME DESC NULLS LAST;
-  a  |  b  |      name       
------+-----+-----------------
- 187 |     | THIS IS TEST2
- 187 |     | THIS IS TEST2
- 187 |     | THIS IS TEST2
- 112 |     | THIS IS TEST9
- 111 |     | THIS IS TEST9
- 101 |  96 | 
- 101 |  96 | 
- 101 |  96 | 
-  91 | 121 | THIS IS TEST7
-  91 | 121 | THIS IS TEST7
-  91 | 121 | THIS IS TEST7
-  76 |     | THIS IS TEST
-  76 |     | THIS IS TEST
-  76 |     | THIS IS TEST
-  55 |  44 | THIS IS TEST4
-  55 |  44 | THIS IS TEST4
-  55 |     | THIS IS TEST4
-  19 |   2 | 
-  19 |   2 | 
-  19 |   2 | 
-   9 |  21 | THIS IS TEST1
-   9 |  21 | THIS IS TEST1
-   9 |     | THIS IS TEST17
-   9 |     | THIS IS TEST17
-   9 |     | THIS IS TEST17
-     |  21 | THIS IS TEST121
-     |  21 | THIS IS TEST121
-     |  21 | THIS IS TEST1
-     |  21 | 
-     |  21 | 
-     |  21 | 
-     |  21 | 
-     |  11 | THIS IS TEST100
-     |  11 | 
-     |  11 | 
-     |     | THIS IS TEST9
-(36 rows)
-
-SELECT * FROM T1 ORDER BY A ASC NULLS LAST,B ASC NULLS LAST,NAME ASC NULLS LAST;
-  a  |  b  |      name       
------+-----+-----------------
-   9 |  21 | THIS IS TEST1
-   9 |  21 | THIS IS TEST1
-   9 |     | THIS IS TEST17
-   9 |     | THIS IS TEST17
-   9 |     | THIS IS TEST17
-  19 |   2 | 
-  19 |   2 | 
-  19 |   2 | 
-  55 |  44 | THIS IS TEST4
-  55 |  44 | THIS IS TEST4
-  55 |     | THIS IS TEST4
-  76 |     | THIS IS TEST
-  76 |     | THIS IS TEST
-  76 |     | THIS IS TEST
-  91 | 121 | THIS IS TEST7
-  91 | 121 | THIS IS TEST7
-  91 | 121 | THIS IS TEST7
- 101 |  96 | 
- 101 |  96 | 
- 101 |  96 | 
- 111 |     | THIS IS TEST9
- 112 |     | THIS IS TEST9
- 187 |     | THIS IS TEST2
- 187 |     | THIS IS TEST2
- 187 |     | THIS IS TEST2
-     |  11 | THIS IS TEST100
-     |  11 | 
-     |  11 | 
-     |  21 | THIS IS TEST1
-     |  21 | THIS IS TEST121
-     |  21 | THIS IS TEST121
-     |  21 | 
-     |  21 | 
-     |  21 | 
-     |  21 | 
-     |     | THIS IS TEST9
-(36 rows)
-
-ALTER TABLE T1 ADD C INT;
-ALTER TABLE
-UPDATE T1 SET C = 99 WHERE NAME = 'THIS IS TEST2';
-UPDATE 3
-UPDATE T1 SET C = NULL WHERE NAME = 'THIS IS TEST9';
-UPDATE 3
-UPDATE T1 SET C = 919 WHERE NAME = 'THIS IS TEST4';
-UPDATE 3
-UPDATE T1 SET C = NULL WHERE NAME = 'THIS IS TEST17';
-UPDATE 3
-SELECT * FROM T1 ORDER BY A DESC NULLS FIRST,B DESC NULLS FIRST,NAME DESC NULLS FIRST,C DESC NULLS FIRST;
-  a  |  b  |      name       |  c  
------+-----+-----------------+-----
-     |     | THIS IS TEST9   |    
-     |  21 |                 |    
-     |  21 |                 |    
-     |  21 |                 |    
-     |  21 |                 |    
-     |  21 | THIS IS TEST121 |    
-     |  21 | THIS IS TEST121 |    
-     |  21 | THIS IS TEST1   |    
-     |  11 |                 |    
-     |  11 |                 |    
-     |  11 | THIS IS TEST100 |    
- 187 |     | THIS IS TEST2   |  99
- 187 |     | THIS IS TEST2   |  99
- 187 |     | THIS IS TEST2   |  99
- 112 |     | THIS IS TEST9   |    
- 111 |     | THIS IS TEST9   |    
- 101 |  96 |                 |    
- 101 |  96 |                 |    
- 101 |  96 |                 |    
-  91 | 121 | THIS IS TEST7   |    
-  91 | 121 | THIS IS TEST7   |    
-  91 | 121 | THIS IS TEST7   |    
-  76 |     | THIS IS TEST    |    
-  76 |     | THIS IS TEST    |    
-  76 |     | THIS IS TEST    |    
-  55 |     | THIS IS TEST4   | 919
-  55 |  44 | THIS IS TEST4   | 919
-  55 |  44 | THIS IS TEST4   | 919
-  19 |   2 |                 |    
-  19 |   2 |                 |    
-  19 |   2 |                 |    
-   9 |     | THIS IS TEST17  |    
-   9 |     | THIS IS TEST17  |    
-   9 |     | THIS IS TEST17  |    
-   9 |  21 | THIS IS TEST1   |    
-   9 |  21 | THIS IS TEST1   |    
-(36 rows)
-
-SELECT * FROM T1 ORDER BY A ASC   NULLS FIRST,B ASC NULLS FIRST,NAME ASC NULLS FIRST,C ASC NULLS FIRST;
-  a  |  b  |      name       |  c  
------+-----+-----------------+-----
-     |     | THIS IS TEST9   |    
-     |  11 |                 |    
-     |  11 |                 |    
-     |  11 | THIS IS TEST100 |    
-     |  21 |                 |    
-     |  21 |                 |    
-     |  21 |                 |    
-     |  21 |                 |    
-     |  21 | THIS IS TEST1   |    
-     |  21 | THIS IS TEST121 |    
-     |  21 | THIS IS TEST121 |    
-   9 |     | THIS IS TEST17  |    
-   9 |     | THIS IS TEST17  |    
-   9 |     | THIS IS TEST17  |    
-   9 |  21 | THIS IS TEST1   |    
-   9 |  21 | THIS IS TEST1   |    
-  19 |   2 |                 |    
-  19 |   2 |                 |    
-  19 |   2 |                 |    
-  55 |     | THIS IS TEST4   | 919
-  55 |  44 | THIS IS TEST4   | 919
-  55 |  44 | THIS IS TEST4   | 919
-  76 |     | THIS IS TEST    |    
-  76 |     | THIS IS TEST    |    
-  76 |     | THIS IS TEST    |    
-  91 | 121 | THIS IS TEST7   |    
-  91 | 121 | THIS IS TEST7   |    
-  91 | 121 | THIS IS TEST7   |    
- 101 |  96 |                 |    
- 101 |  96 |                 |    
- 101 |  96 |                 |    
- 111 |     | THIS IS TEST9   |    
- 112 |     | THIS IS TEST9   |    
- 187 |     | THIS IS TEST2   |  99
- 187 |     | THIS IS TEST2   |  99
- 187 |     | THIS IS TEST2   |  99
-(36 rows)
-
-SELECT * FROM T1 ORDER BY A DESC NULLS LAST,B DESC NULLS LAST,NAME DESC NULLS LAST,C DESC NULLS LAST;
-  a  |  b  |      name       |  c  
------+-----+-----------------+-----
- 187 |     | THIS IS TEST2   |  99
- 187 |     | THIS IS TEST2   |  99
- 187 |     | THIS IS TEST2   |  99
- 112 |     | THIS IS TEST9   |    
- 111 |     | THIS IS TEST9   |    
- 101 |  96 |                 |    
- 101 |  96 |                 |    
- 101 |  96 |                 |    
-  91 | 121 | THIS IS TEST7   |    
-  91 | 121 | THIS IS TEST7   |    
-  91 | 121 | THIS IS TEST7   |    
-  76 |     | THIS IS TEST    |    
-  76 |     | THIS IS TEST    |    
-  76 |     | THIS IS TEST    |    
-  55 |  44 | THIS IS TEST4   | 919
-  55 |  44 | THIS IS TEST4   | 919
-  55 |     | THIS IS TEST4   | 919
-  19 |   2 |                 |    
-  19 |   2 |                 |    
-  19 |   2 |                 |    
-   9 |  21 | THIS IS TEST1   |    
-   9 |  21 | THIS IS TEST1   |    
-   9 |     | THIS IS TEST17  |    
-   9 |     | THIS IS TEST17  |    
-   9 |     | THIS IS TEST17  |    
-     |  21 | THIS IS TEST121 |    
-     |  21 | THIS IS TEST121 |    
-     |  21 | THIS IS TEST1   |    
-     |  21 |                 |    
-     |  21 |                 |    
-     |  21 |                 |    
-     |  21 |                 |    
-     |  11 | THIS IS TEST100 |    
-     |  11 |                 |    
-     |  11 |                 |    
-     |     | THIS IS TEST9   |    
-(36 rows)
-
-SELECT * FROM T1 ORDER BY A ASC NULLS LAST,B ASC NULLS LAST,NAME ASC NULLS LAST,C ASC NULLS LAST;
-  a  |  b  |      name       |  c  
------+-----+-----------------+-----
-   9 |  21 | THIS IS TEST1   |    
-   9 |  21 | THIS IS TEST1   |    
-   9 |     | THIS IS TEST17  |    
-   9 |     | THIS IS TEST17  |    
-   9 |     | THIS IS TEST17  |    
-  19 |   2 |                 |    
-  19 |   2 |                 |    
-  19 |   2 |                 |    
-  55 |  44 | THIS IS TEST4   | 919
-  55 |  44 | THIS IS TEST4   | 919
-  55 |     | THIS IS TEST4   | 919
-  76 |     | THIS IS TEST    |    
-  76 |     | THIS IS TEST    |    
-  76 |     | THIS IS TEST    |    
-  91 | 121 | THIS IS TEST7   |    
-  91 | 121 | THIS IS TEST7   |    
-  91 | 121 | THIS IS TEST7   |    
- 101 |  96 |                 |    
- 101 |  96 |                 |    
- 101 |  96 |                 |    
- 111 |     | THIS IS TEST9   |    
- 112 |     | THIS IS TEST9   |    
- 187 |     | THIS IS TEST2   |  99
- 187 |     | THIS IS TEST2   |  99
- 187 |     | THIS IS TEST2   |  99
-     |  11 | THIS IS TEST100 |    
-     |  11 |                 |    
-     |  11 |                 |    
-     |  21 | THIS IS TEST1   |    
-     |  21 | THIS IS TEST121 |    
-     |  21 | THIS IS TEST121 |    
-     |  21 |                 |    
-     |  21 |                 |    
-     |  21 |                 |    
-     |  21 |                 |    
-     |     | THIS IS TEST9   |    
-(36 rows)
-
-DROP TABLE T1;
-DROP
+bash: /home/beehive/clients/act: No such file or directory

ERROR: 2018-08-22 16:34:59,444:TestBase.py:639: Diff in output
 --- /tmp/null.out	2018-08-22 16:35:44.236632295 -0700
+++ /tmp/null.out.generated	2018-08-22 16:35:44.528638212 -0700
@@ -1,344 +1 @@
-CREATE FACT TABLE T1 (A INT,B INT,NAME VARCHAR(30),PARTITION KEY(A));
-CREATE TABLE
-INSERT INTO T1 VALUES ( ,21,'THIS IS TEST1'),(19 ,2,null),(187 ,NULL,'THIS IS TEST2'),(NULL ,11,'THIS IS TEST100'),(76 ,NULL,'THIS IS TEST'),(112 ,NULL,'THIS IS TEST9'),(101 ,96,NULL),(55 ,,'THIS IS TEST4'),(NULL ,21,NULL),(9 ,NULL,'THIS IS TEST17'),(NULL ,21,NULL),(91 ,121,'THIS IS TEST7'),(9 ,21,'THIS IS TEST1'),(19 ,2,null),(187 ,NULL,'THIS IS TEST2'),(NULL ,11,NULL),(76 ,NULL,'THIS IS TEST'),(NULL ,NULL,'THIS IS TEST9'),(101 ,96,NULL),(55 ,44,'THIS IS TEST4'),(NULL ,21,'THIS IS TEST121'),(9 ,NULL,'THIS IS TEST17'),(NULL ,21,NULL),(91 ,121,'THIS IS TEST7'),(9 ,21,'THIS IS TEST1'),(19 ,2,null),(187 ,NULL,'THIS IS TEST2'),(NULL ,11,NULL),(76 ,NULL,'THIS IS TEST'),(111 ,NULL,'THIS IS TEST9'),(101 ,96,NULL),(55 ,44,'THIS IS TEST4'),(NULL ,21,'THIS IS TEST121'),(9 ,NULL,'THIS IS TEST17'),(NULL ,21,NULL),(91 ,121,'THIS IS TEST7');
-INSERT 0 36
-SELECT * FROM T1 ORDER BY A DESC NULLS FIRST,B DESC NULLS FIRST,NAME DESC NULLS FIRST;
-  a  |  b  |      name       
------+-----+-----------------
-     |     | THIS IS TEST9
-     |  21 | 
-     |  21 | 
-     |  21 | 
-     |  21 | 
-     |  21 | THIS IS TEST121
-     |  21 | THIS IS TEST121
-     |  21 | THIS IS TEST1
-     |  11 | 
-     |  11 | 
-     |  11 | THIS IS TEST100
- 187 |     | THIS IS TEST2
- 187 |     | THIS IS TEST2
- 187 |     | THIS IS TEST2
- 112 |     | THIS IS TEST9
- 111 |     | THIS IS TEST9
- 101 |  96 | 
- 101 |  96 | 
- 101 |  96 | 
-  91 | 121 | THIS IS TEST7
-  91 | 121 | THIS IS TEST7
-  91 | 121 | THIS IS TEST7
-  76 |     | THIS IS TEST
-  76 |     | THIS IS TEST
-  76 |     | THIS IS TEST
-  55 |     | THIS IS TEST4
-  55 |  44 | THIS IS TEST4
-  55 |  44 | THIS IS TEST4
-  19 |   2 | 
-  19 |   2 | 
-  19 |   2 | 
-   9 |     | THIS IS TEST17
-   9 |     | THIS IS TEST17
-   9 |     | THIS IS TEST17
-   9 |  21 | THIS IS TEST1
-   9 |  21 | THIS IS TEST1
-(36 rows)
-
-SELECT * FROM T1 ORDER BY A ASC   NULLS FIRST,B ASC NULLS FIRST,NAME ASC NULLS FIRST;
-  a  |  b  |      name       
------+-----+-----------------
-     |     | THIS IS TEST9
-     |  11 | 
-     |  11 | 
-     |  11 | THIS IS TEST100
-     |  21 | 
-     |  21 | 
-     |  21 | 
-     |  21 | 
-     |  21 | THIS IS TEST1
-     |  21 | THIS IS TEST121
-     |  21 | THIS IS TEST121
-   9 |     | THIS IS TEST17
-   9 |     | THIS IS TEST17
-   9 |     | THIS IS TEST17
-   9 |  21 | THIS IS TEST1
-   9 |  21 | THIS IS TEST1
-  19 |   2 | 
-  19 |   2 | 
-  19 |   2 | 
-  55 |     | THIS IS TEST4
-  55 |  44 | THIS IS TEST4
-  55 |  44 | THIS IS TEST4
-  76 |     | THIS IS TEST
-  76 |     | THIS IS TEST
-  76 |     | THIS IS TEST
-  91 | 121 | THIS IS TEST7
-  91 | 121 | THIS IS TEST7
-  91 | 121 | THIS IS TEST7
- 101 |  96 | 
- 101 |  96 | 
- 101 |  96 | 
- 111 |     | THIS IS TEST9
- 112 |     | THIS IS TEST9
- 187 |     | THIS IS TEST2
- 187 |     | THIS IS TEST2
- 187 |     | THIS IS TEST2
-(36 rows)
-
-SELECT * FROM T1 ORDER BY A DESC NULLS LAST,B DESC NULLS LAST,NAME DESC NULLS LAST;
-  a  |  b  |      name       
------+-----+-----------------
- 187 |     | THIS IS TEST2
- 187 |     | THIS IS TEST2
- 187 |     | THIS IS TEST2
- 112 |     | THIS IS TEST9
- 111 |     | THIS IS TEST9
- 101 |  96 | 
- 101 |  96 | 
- 101 |  96 | 
-  91 | 121 | THIS IS TEST7
-  91 | 121 | THIS IS TEST7
-  91 | 121 | THIS IS TEST7
-  76 |     | THIS IS TEST
-  76 |     | THIS IS TEST
-  76 |     | THIS IS TEST
-  55 |  44 | THIS IS TEST4
-  55 |  44 | THIS IS TEST4
-  55 |     | THIS IS TEST4
-  19 |   2 | 
-  19 |   2 | 
-  19 |   2 | 
-   9 |  21 | THIS IS TEST1
-   9 |  21 | THIS IS TEST1
-   9 |     | THIS IS TEST17
-   9 |     | THIS IS TEST17
-   9 |     | THIS IS TEST17
-     |  21 | THIS IS TEST121
-     |  21 | THIS IS TEST121
-     |  21 | THIS IS TEST1
-     |  21 | 
-     |  21 | 
-     |  21 | 
-     |  21 | 
-     |  11 | THIS IS TEST100
-     |  11 | 
-     |  11 | 
-     |     | THIS IS TEST9
-(36 rows)
-
-SELECT * FROM T1 ORDER BY A ASC NULLS LAST,B ASC NULLS LAST,NAME ASC NULLS LAST;
-  a  |  b  |      name       
------+-----+-----------------
-   9 |  21 | THIS IS TEST1
-   9 |  21 | THIS IS TEST1
-   9 |     | THIS IS TEST17
-   9 |     | THIS IS TEST17
-   9 |     | THIS IS TEST17
-  19 |   2 | 
-  19 |   2 | 
-  19 |   2 | 
-  55 |  44 | THIS IS TEST4
-  55 |  44 | THIS IS TEST4
-  55 |     | THIS IS TEST4
-  76 |     | THIS IS TEST
-  76 |     | THIS IS TEST
-  76 |     | THIS IS TEST
-  91 | 121 | THIS IS TEST7
-  91 | 121 | THIS IS TEST7
-  91 | 121 | THIS IS TEST7
- 101 |  96 | 
- 101 |  96 | 
- 101 |  96 | 
- 111 |     | THIS IS TEST9
- 112 |     | THIS IS TEST9
- 187 |     | THIS IS TEST2
- 187 |     | THIS IS TEST2
- 187 |     | THIS IS TEST2
-     |  11 | THIS IS TEST100
-     |  11 | 
-     |  11 | 
-     |  21 | THIS IS TEST1
-     |  21 | THIS IS TEST121
-     |  21 | THIS IS TEST121
-     |  21 | 
-     |  21 | 
-     |  21 | 
-     |  21 | 
-     |     | THIS IS TEST9
-(36 rows)
-
-ALTER TABLE T1 ADD C INT;
-ALTER TABLE
-UPDATE T1 SET C = 99 WHERE NAME = 'THIS IS TEST2';
-UPDATE 3
-UPDATE T1 SET C = NULL WHERE NAME = 'THIS IS TEST9';
-UPDATE 3
-UPDATE T1 SET C = 919 WHERE NAME = 'THIS IS TEST4';
-UPDATE 3
-UPDATE T1 SET C = NULL WHERE NAME = 'THIS IS TEST17';
-UPDATE 3
-SELECT * FROM T1 ORDER BY A DESC NULLS FIRST,B DESC NULLS FIRST,NAME DESC NULLS FIRST,C DESC NULLS FIRST;
-  a  |  b  |      name       |  c  
------+-----+-----------------+-----
-     |     | THIS IS TEST9   |    
-     |  21 |                 |    
-     |  21 |                 |    
-     |  21 |                 |    
-     |  21 |                 |    
-     |  21 | THIS IS TEST121 |    
-     |  21 | THIS IS TEST121 |    
-     |  21 | THIS IS TEST1   |    
-     |  11 |                 |    
-     |  11 |                 |    
-     |  11 | THIS IS TEST100 |    
- 187 |     | THIS IS TEST2   |  99
- 187 |     | THIS IS TEST2   |  99
- 187 |     | THIS IS TEST2   |  99
- 112 |     | THIS IS TEST9   |    
- 111 |     | THIS IS TEST9   |    
- 101 |  96 |                 |    
- 101 |  96 |                 |    
- 101 |  96 |                 |    
-  91 | 121 | THIS IS TEST7   |    
-  91 | 121 | THIS IS TEST7   |    
-  91 | 121 | THIS IS TEST7   |    
-  76 |     | THIS IS TEST    |    
-  76 |     | THIS IS TEST    |    
-  76 |     | THIS IS TEST    |    
-  55 |     | THIS IS TEST4   | 919
-  55 |  44 | THIS IS TEST4   | 919
-  55 |  44 | THIS IS TEST4   | 919
-  19 |   2 |                 |    
-  19 |   2 |                 |    
-  19 |   2 |                 |    
-   9 |     | THIS IS TEST17  |    
-   9 |     | THIS IS TEST17  |    
-   9 |     | THIS IS TEST17  |    
-   9 |  21 | THIS IS TEST1   |    
-   9 |  21 | THIS IS TEST1   |    
-(36 rows)
-
-SELECT * FROM T1 ORDER BY A ASC   NULLS FIRST,B ASC NULLS FIRST,NAME ASC NULLS FIRST,C ASC NULLS FIRST;
-  a  |  b  |      name       |  c  
------+-----+-----------------+-----
-     |     | THIS IS TEST9   |    
-     |  11 |                 |    
-     |  11 |                 |    
-     |  11 | THIS IS TEST100 |    
-     |  21 |                 |    
-     |  21 |                 |    
-     |  21 |                 |    
-     |  21 |                 |    
-     |  21 | THIS IS TEST1   |    
-     |  21 | THIS IS TEST121 |    
-     |  21 | THIS IS TEST121 |    
-   9 |     | THIS IS TEST17  |    
-   9 |     | THIS IS TEST17  |    
-   9 |     | THIS IS TEST17  |    
-   9 |  21 | THIS IS TEST1   |    
-   9 |  21 | THIS IS TEST1   |    
-  19 |   2 |                 |    
-  19 |   2 |                 |    
-  19 |   2 |                 |    
-  55 |     | THIS IS TEST4   | 919
-  55 |  44 | THIS IS TEST4   | 919
-  55 |  44 | THIS IS TEST4   | 919
-  76 |     | THIS IS TEST    |    
-  76 |     | THIS IS TEST    |    
-  76 |     | THIS IS TEST    |    
-  91 | 121 | THIS IS TEST7   |    
-  91 | 121 | THIS IS TEST7   |    
-  91 | 121 | THIS IS TEST7   |    
- 101 |  96 |                 |    
- 101 |  96 |                 |    
- 101 |  96 |                 |    
- 111 |     | THIS IS TEST9   |    
- 112 |     | THIS IS TEST9   |    
- 187 |     | THIS IS TEST2   |  99
- 187 |     | THIS IS TEST2   |  99
- 187 |     | THIS IS TEST2   |  99
-(36 rows)
-
-SELECT * FROM T1 ORDER BY A DESC NULLS LAST,B DESC NULLS LAST,NAME DESC NULLS LAST,C DESC NULLS LAST;
-  a  |  b  |      name       |  c  
------+-----+-----------------+-----
- 187 |     | THIS IS TEST2   |  99
- 187 |     | THIS IS TEST2   |  99
- 187 |     | THIS IS TEST2   |  99
- 112 |     | THIS IS TEST9   |    
- 111 |     | THIS IS TEST9   |    
- 101 |  96 |                 |    
- 101 |  96 |                 |    
- 101 |  96 |                 |    
-  91 | 121 | THIS IS TEST7   |    
-  91 | 121 | THIS IS TEST7   |    
-  91 | 121 | THIS IS TEST7   |    
-  76 |     | THIS IS TEST    |    
-  76 |     | THIS IS TEST    |    
-  76 |     | THIS IS TEST    |    
-  55 |  44 | THIS IS TEST4   | 919
-  55 |  44 | THIS IS TEST4   | 919
-  55 |     | THIS IS TEST4   | 919
-  19 |   2 |                 |    
-  19 |   2 |                 |    
-  19 |   2 |                 |    
-   9 |  21 | THIS IS TEST1   |    
-   9 |  21 | THIS IS TEST1   |    
-   9 |     | THIS IS TEST17  |    
-   9 |     | THIS IS TEST17  |    
-   9 |     | THIS IS TEST17  |    
-     |  21 | THIS IS TEST121 |    
-     |  21 | THIS IS TEST121 |    
-     |  21 | THIS IS TEST1   |    
-     |  21 |                 |    
-     |  21 |                 |    
-     |  21 |                 |    
-     |  21 |                 |    
-     |  11 | THIS IS TEST100 |    
-     |  11 |                 |    
-     |  11 |                 |    
-     |     | THIS IS TEST9   |    
-(36 rows)
-
-SELECT * FROM T1 ORDER BY A ASC NULLS LAST,B ASC NULLS LAST,NAME ASC NULLS LAST,C ASC NULLS LAST;
-  a  |  b  |      name       |  c  
------+-----+-----------------+-----
-   9 |  21 | THIS IS TEST1   |    
-   9 |  21 | THIS IS TEST1   |    
-   9 |     | THIS IS TEST17  |    
-   9 |     | THIS IS TEST17  |    
-   9 |     | THIS IS TEST17  |    
-  19 |   2 |                 |    
-  19 |   2 |                 |    
-  19 |   2 |                 |    
-  55 |  44 | THIS IS TEST4   | 919
-  55 |  44 | THIS IS TEST4   | 919
-  55 |     | THIS IS TEST4   | 919
-  76 |     | THIS IS TEST    |    
-  76 |     | THIS IS TEST    |    
-  76 |     | THIS IS TEST    |    
-  91 | 121 | THIS IS TEST7   |    
-  91 | 121 | THIS IS TEST7   |    
-  91 | 121 | THIS IS TEST7   |    
- 101 |  96 |                 |    
- 101 |  96 |                 |    
- 101 |  96 |                 |    
- 111 |     | THIS IS TEST9   |    
- 112 |     | THIS IS TEST9   |    
- 187 |     | THIS IS TEST2   |  99
- 187 |     | THIS IS TEST2   |  99
- 187 |     | THIS IS TEST2   |  99
-     |  11 | THIS IS TEST100 |    
-     |  11 |                 |    
-     |  11 |                 |    
-     |  21 | THIS IS TEST1   |    
-     |  21 | THIS IS TEST121 |    
-     |  21 | THIS IS TEST121 |    
-     |  21 |                 |    
-     |  21 |                 |    
-     |  21 |                 |    
-     |  21 |                 |    
-     |     | THIS IS TEST9   |    
-(36 rows)
-
-DROP TABLE T1;
-DROP
+bash: /home/beehive/clients/act: No such file or directory

INFO: 2018-08-22 16:34:59,446:Dart.py:759: Running Cleanup of the Test Instance!
INFO: 2018-08-22 16:34:59,446:Dart.py:781: The test NullTest has FAILED
INFO: 2018-08-22 16:34:59,446:Dart.py:334: Test Set : SqlTests Total Execution Time: 3 
INFO: 2018-08-22 16:34:59,458:DartRunner.py:2587: Updated Status: On test NullTest
INFO: 2018-08-22 16:34:59,458:DartRunner.py:2588: {'status': 'FAIL', 'execution_time': '00:00:03', 'log_location': u'/root/DartLogs/dart-main-sls12-08_NullTest_2018-08-22-163455.log', 'end_time': '2018-08-22 16:34:59'}
INFO: 2018-08-22 16:34:59,824:DartRunner.py:2647: Successfully uploaded the Dart Test Log: dart-main-sls12-08_NullTest_2018-08-22-163455.log
INFO: 2018-08-22 16:34:59,841:DartDBConnect.py:127: Running the sql:
INFO: 2018-08-22 16:34:59,841:DartDBConnect.py:128: SELECT retry_logs from darttest WHERE id=1530198;
INFO: 2018-08-22 16:34:59,845:DartDBConnect.py:132: Select Return Value ========
INFO: 2018-08-22 16:34:59,846:DartDBConnect.py:133: [(None,)]
INFO: 2018-08-22 16:34:59,846:DartRunner.py:2629: Select Success: (None,) test NullTest
INFO: 2018-08-22 16:34:59,846:DartRunner.py:2630: [(None,)]
INFO: 2018-08-22 16:34:59,846:DartRunner.py:2332: RETRY LOG STRING =====
INFO: 2018-08-22 16:34:59,847:DartRunner.py:2333: None
INFO: 2018-08-22 16:34:59,867:DartRunner.py:2587: Updated Status: On test NullTest
INFO: 2018-08-22 16:34:59,867:DartRunner.py:2588: {'status': 'FAIL', 'execution_time': '00:00:03', 'log_location': u'/root/DartLogs/dart-main-sls12-08_NullTest_2018-08-22-163455.log', 'retry_count': 0, 'end_time': '2018-08-22 16:34:59', 'retry_logs': u'/root/DartLogs/dart-main-sls12-08_NullTest_2018-08-22-163455.log'}
INFO: 2018-08-22 16:34:59,867:DartRunner.py:2727: Attempting to get the Kernel and os information from the Cluster
INFO: 2018-08-22 16:35:00,753:DartRunner.py:2587: Updated Status: On test NullTest
INFO: 2018-08-22 16:35:00,753:DartRunner.py:2588: {'kernel_version': '4.4.121-92.80-default', 'os_version': '', 'revision': '08.00.00.00.0e93aa1b'}
INFO: 2018-08-22 16:35:03,059:DartRunner.py:1134: Done with initiating all the tests!
INFO: 2018-08-22 16:35:03,060:DartRunner.py:1209: Some tests are still running! Waiting for 10 seconds!
INFO: 2018-08-22 16:35:13,068:DartRunner.py:1213: Return Value:
INFO: 2018-08-22 16:35:13,068:DartRunner.py:2958:        SqlTests       NullTest     False         3 2018-08-22 16:34:55 2018-08-22 16:34:59
INFO: 2018-08-22 16:35:13,069:DartRunner.py:1647: -------------------------------------------------------------------------------------------------
INFO: 2018-08-22 16:35:13,069:DartRunner.py:1648: returnValue = {'test': OrderedDict([(u'NAME', u'NullTest'), (u'TYPE', u'SQL'), (u'QUERY', u'testsrc/queen/sql/test_sql/input/null.sql'), (u'EXPECTEDOUT', u'testsrc/queen/sql/test_sql/expectedQueryResults/null.out'), (u'TIMEOUT', 800), (u'PRIORITY', u'2'), (u'TEMPLATE', u'True'), (u'OWNER', u'divya.sivanandan'), (u'CATEGORY', u'positive'), (u'COMPONENT', u'queen/sql/test_sql'), (u'USER', u'beehive'), (u'PASSWORD', u'beehive'), (u'DATABASE', u'beehive'), (u'ACTPARAMS', u'-a'), ('runId', u'180822-57'), ('testSet', u'SqlTests'), ('testId', 2), ('timeScale', 1), ('projectName', 'MLEngine'), ('testPlan', None), ('buildName', 'beehive-ci-pipeline-main'), ('buildNumber', ''), ('tester', 'root'), ('release', 'GGR3'), ('branchName', 'master'), ('reTryCnt', 0), ('id', 1530198)]), 'clusterName': 'dart-main-sls12-08', 'totalTime': 6, 'testName': u'NullTest', 'testResults': OrderedDict([(u'SqlTests', [[u'NullTest', 3, False, '2018-08-22 16:34:55', '2018-08-22 16:34:59', u'/root/Dart/log/queen/sql/test_sql/dart-main-sls12-08_NullTest_2018-08-22-163455.log', u'dart-main-sls12-08_NullTest_2018-08-22-163455.log']])])}
INFO: 2018-08-22 16:35:13,069:DartRunner.py:1649: -------------------------------------------------------------------------------------------------
INFO: 2018-08-22 16:35:13,069:DartRunner.py:1219: Thread Count Went Down 0 
INFO: 2018-08-22 16:35:13,069:DartRunner.py:1237: The test NullTest returned back with the following result: False
INFO: 2018-08-22 16:35:13,484:DartRunner.py:2154: Ping on cluster dart-main-sls12-08 Successful!
INFO: 2018-08-22 16:35:13,548:DartRunner.py:1260: Freeing up the cluster dart-main-sls12-08
INFO: 2018-08-22 16:35:13,548:DartRunner.py:1207: All the tests have been executed!
INFO: 2018-08-22 16:35:13,595:DartRunner.py:1309: {'dart-main-sls12-08': 'free'}
ERROR: 2018-08-22 16:35:13,598:DartRunner.py:1643: Send email fail: /bin/sh: 14: mail: not found
sh: echo: I/O error

INFO: 2018-08-22 16:35:14,065:DartRunner.py:2962: DartRunner Final Results!
INFO: 2018-08-22 16:35:14,065:DartRunner.py:2963:         TESTSET       TESTNAME    STATUS TOTALTIME           STARTTIME             ENDTIME
INFO: 2018-08-22 16:35:14,066:DartRunner.py:2958:         Install      NoInstall      True         1 2018-08-22 16:34:31 2018-08-22 16:34:32
INFO: 2018-08-22 16:35:14,066:DartRunner.py:2958:        SqlTests       NullTest     False         3 2018-08-22 16:34:55 2018-08-22 16:34:59
INFO: 2018-08-22 16:35:14,066:DartRunner.py:2968: Dart DashBoard URL: http://dartdashboard.labs.teradata.com/report?run_id=180822-57
INFO: 2018-08-22 16:35:14,066:DartRunner.py:1347: Dart DashBoard URL: http://dartdashboard.labs.teradata.com/report?run_id=180822-57
